<?xml version="1.0" encoding="UTF-8"?>
<!-- Generated by org.testng.reporters.JUnitReportReporter -->
<testsuite hostname="BLR1-LT3BLGZH3" name="CICDProject.CICDProject.login" tests="1" failures="0" timestamp="5 Jul 2022 10:32:12 GMT" time="10.155" errors="0">
  <testcase name="test" time="10.155" classname="CICDProject.CICDProject.login"/>
</testsuite> <!-- CICDProject.CICDProject.login -->
